<?xml version="1.0" encoding="UTF-8" ?>
<testsuite errors="1" failures="0" hostname="pepperserver" name="net.sourceforge.tess4j.Tesseract1Test" skipped="0" tests="1" time="0.0" timestamp="2017-08-22T02:11:29">
  <properties>
    <property name="default.javac.source" value="1.6" />
    <property name="file.encoding.pkg" value="sun.io" />
    <property name="jnlp.signing.alias" value="" />
    <property name="javac.source" value="1.7" />
    <property name="testng.debug.mode" value="" />
    <property name="java.home" value="/usr/lib/jvm/jdk1.7.0_80/jre" />
    <property name="test.src.dir" value="test" />
    <property name="javadoc.version" value="false" />
    <property name="jnlp.mixed.code" value="default" />
    <property name="libraries.path" value="/home/apptm/OCR_TEST/Tess4J/lib/nblibraries.properties" />
    <property name="java.endorsed.dirs" value="/usr/lib/jvm/jdk1.7.0_80/jre/lib/endorsed" />
    <property name="src.dir" value="src" />
    <property name="debug-args-line" value="-Xdebug" />
    <property name="build.sysclasspath" value="ignore" />
    <property name="have.sources" value="true" />
    <property name="includes" value="**" />
    <property name="javac.fork" value="false" />
    <property name="source.encoding" value="UTF-8" />
    <property name="file.reference.lept4j-1.4.0.jar" value="lib/lept4j-1.4.0.jar" />
    <property name="sun.os.patch.level" value="unknown" />
    <property name="java.vendor.url" value="http://java.oracle.com/" />
    <property name="java.version" value="1.7.0_80" />
    <property name="build.generated.subdirs" value="/home/apptm/OCR_TEST/Tess4J/build/generated-sources/ap-source-output" />
    <property name="javac.debug" value="false" />
    <property name="application.desc" value="A Java wrapper for Tesseract OCR API" />
    <property name="run.classpath" value="lib/jai-imageio-core-1.3.1.jar:lib/ghost4j-1.0.1.jar:lib/jna-4.1.0.jar:lib/log4j-1.2.17.jar:lib/itext-2.1.7.jar:lib/commons-beanutils-1.9.2.jar:lib/commons-logging-1.2.jar:lib/slf4j-api-1.7.25.jar:lib/jul-to-slf4j-1.7.25.jar:lib/commons-io-2.5.jar:lib/jboss-vfs-3.2.12.Final.jar:lib/logback-classic-1.2.3.jar:lib/logback-core-1.2.3.jar:lib/lept4j-1.4.0.jar:build/classes" />
    <property name="java.vendor.url.bug" value="http://bugreport.sun.com/bugreport/" />
    <property name="ant.project.invoked-targets" value="default" />
    <property name="annotation.processing.run.all.processors" value="true" />
    <property name="user.name" value="apptm" />
    <property name="jnlp.enabled" value="false" />
    <property name="empty.dir" value="/home/apptm/OCR_TEST/Tess4J/build/empty" />
    <property name="sun.io.unicode.encoding" value="UnicodeLittle" />
    <property name="sun.jnu.encoding" value="UTF-8" />
    <property name="java.runtime.name" value="Java(TM) SE Runtime Environment" />
    <property name="application.vendor" value="Quan Nguyen" />
    <property name="java.specification.name" value="Java Platform API Specification" />
    <property name="javadoc.author" value="false" />
    <property name="ap.proc.none.internal" value="" />
    <property name="user.timezone" value="" />
    <property name="path.separator" value=":" />
    <property name="testng.mode" value="testng" />
    <property name="version-output" value="java version &quot;1.7" />
    <property name="jnlp.signing" value="" />
    <property name="file.encoding" value="UTF-8" />
    <property name="dist.javadoc.dir" value="dist/javadoc" />
    <property name="ant.project.default-target" value="default" />
    <property name="javac.profile.cmd.line.arg" value="" />
    <property name="sun.java.command" value="org.apache.tools.ant.taskdefs.optional.junit.JUnitTestRunner net.sourceforge.tess4j.Tesseract1Test skipNonTests=false filtertrace=true haltOnError=false haltOnFailure=false showoutput=true outputtoformatters=true logfailedtests=true threadid=0 logtestlistenerevents=false formatter=org.apache.tools.ant.taskdefs.optional.junit.BriefJUnitResultFormatter formatter=org.apache.tools.ant.taskdefs.optional.junit.XMLJUnitResultFormatter,/home/apptm/OCR_TEST/Tess4J/build/test/results/TEST-net.sourceforge.tess4j.Tesseract1Test.xml crashfile=/home/apptm/OCR_TEST/Tess4J/build/junitvmwatcher4419465322597705843.properties propsfile=/home/apptm/OCR_TEST/Tess4J/build/junit3174418978672825877.properties" />
    <property name="built-jar.properties" value="/home/apptm/OCR_TEST/Tess4J/build/built-jar.properties" />
    <property name="ant.file" value="/home/apptm/OCR_TEST/Tess4J/build.xml" />
    <property name="junit.available" value="true" />
    <property name="do.jar" value="true" />
    <property name="java.io.tmpdir" value="/tmp" />
    <property name="build.test.results.dir" value="build/test/results" />
    <property name="user.language" value="en" />
    <property name="line.separator" value="&#xa;" />
    <property name="libs.junit_4.displayName" value="JUnit 4.12" />
    <property name="javac.compilerargs" value="" />
    <property name="ant.file.type" value="file" />
    <property name="jar.compress" value="false" />
    <property name="debug-transport-by-os" value="dt_socket" />
    <property name="ant.file.Tess4J-impl" value="/home/apptm/OCR_TEST/Tess4J/nbproject/build-impl.xml" />
    <property name="do.depend.true" value="true" />
    <property name="java.vm.info" value="mixed mode" />
    <property name="javadoc.private" value="false" />
    <property name="annotation.processing.processors.list" value="" />
    <property name="java.vm.specification.name" value="Java Virtual Machine Specification" />
    <property name="build.test.classes.dir" value="build/test/classes" />
    <property name="version" value="3.4.0" />
    <property name="ant.file.type.Tess4J-impl" value="file" />
    <property name="test.binaryexcludes" value="" />
    <property name="file.reference.log4j-1.2.17.jar" value="lib/log4j-1.2.17.jar" />
    <property name="platform.active" value="default_platform" />
    <property name="ap.cmd.line.internal" value="" />
    <property name="jdkBug6558476" value="false" />
    <property name="file.reference.slf4j-api-1.7.25.jar" value="lib/slf4j-api-1.7.25.jar" />
    <property name="java.failonerror" value="true" />
    <property name="endorsed.classpath" value="" />
    <property name="javadoc.encoding" value="UTF-8" />
    <property name="java.awt.printerjob" value="sun.print.PSPrinterJob" />
    <property name="ap.processors.internal" value="" />
    <property name="do.archive" value="true" />
    <property name="dist.jar" value="dist/tess4j-3.4.0.jar" />
    <property name="meta.inf.dir" value="src/META-INF" />
    <property name="ant.version" value="Apache Ant(TM) version 1.9.7 compiled on April 9 2016" />
    <property name="ant.file.Tess4J" value="/home/apptm/OCR_TEST/Tess4J/build.xml" />
    <property name="javadoc.nonavbar" value="false" />
    <property name="user.properties.file" value="C:\Users\Quan\AppData\Roaming\NetBeans\8.2\build.properties" />
    <property name="file.reference.jul-to-slf4j-1.7.25.jar" value="lib/jul-to-slf4j-1.7.25.jar" />
    <property name="javac.external.vm" value="false" />
    <property name="annotation.processing.source.output" value="build/generated-sources/ap-source-output" />
    <property name="build.generated.dir" value="build/generated" />
    <property name="os.name" value="Linux" />
    <property name="java.specification.vendor" value="Oracle Corporation" />
    <property name="run.test.classpath" value="lib/jai-imageio-core-1.3.1.jar:lib/ghost4j-1.0.1.jar:lib/jna-4.1.0.jar:lib/log4j-1.2.17.jar:lib/itext-2.1.7.jar:lib/commons-beanutils-1.9.2.jar:lib/commons-logging-1.2.jar:lib/slf4j-api-1.7.25.jar:lib/jul-to-slf4j-1.7.25.jar:lib/commons-io-2.5.jar:lib/jboss-vfs-3.2.12.Final.jar:lib/logback-classic-1.2.3.jar:lib/logback-core-1.2.3.jar:lib/lept4j-1.4.0.jar:build/classes:/home/apptm/OCR_TEST/Tess4J/lib/junit-4.12.jar:/home/apptm/OCR_TEST/Tess4J/lib/hamcrest-core-1.3.jar:build/test/classes" />
    <property name="java.vm.name" value="Java HotSpot(TM) 64-Bit Server VM" />
    <property name="ant.file.type.Tess4J" value="file" />
    <property name="ap.supported.internal" value="true" />
    <property name="java.library.path" value="/usr/java/packages/lib/amd64:/usr/lib64:/lib64:/lib:/usr/lib" />
    <property name="file.reference.ghost4j-1.0.1.jar" value="lib/ghost4j-1.0.1.jar" />
    <property name="ant.java.version" value="1.7" />
    <property name="basedir" value="/home/apptm/OCR_TEST/Tess4J" />
    <property name="javadoc.noindex" value="false" />
    <property name="java.class.version" value="51.0" />
    <property name="javac.test.classpath" value="lib/jai-imageio-core-1.3.1.jar:lib/ghost4j-1.0.1.jar:lib/jna-4.1.0.jar:lib/log4j-1.2.17.jar:lib/itext-2.1.7.jar:lib/commons-beanutils-1.9.2.jar:lib/commons-logging-1.2.jar:lib/slf4j-api-1.7.25.jar:lib/jul-to-slf4j-1.7.25.jar:lib/commons-io-2.5.jar:lib/jboss-vfs-3.2.12.Final.jar:lib/logback-classic-1.2.3.jar:lib/logback-core-1.2.3.jar:lib/lept4j-1.4.0.jar:build/classes:/home/apptm/OCR_TEST/Tess4J/lib/junit-4.12.jar:/home/apptm/OCR_TEST/Tess4J/lib/hamcrest-core-1.3.jar" />
    <property name="javac.processorpath" value="lib/jai-imageio-core-1.3.1.jar:lib/ghost4j-1.0.1.jar:lib/jna-4.1.0.jar:lib/log4j-1.2.17.jar:lib/itext-2.1.7.jar:lib/commons-beanutils-1.9.2.jar:lib/commons-logging-1.2.jar:lib/slf4j-api-1.7.25.jar:lib/jul-to-slf4j-1.7.25.jar:lib/commons-io-2.5.jar:lib/jboss-vfs-3.2.12.Final.jar:lib/logback-classic-1.2.3.jar:lib/logback-core-1.2.3.jar:lib/lept4j-1.4.0.jar" />
    <property name="ant.home" value="/ant/apache-ant-1.9.7" />
    <property name="javadoc.splitindex" value="true" />
    <property name="javac.test.processorpath" value="lib/jai-imageio-core-1.3.1.jar:lib/ghost4j-1.0.1.jar:lib/jna-4.1.0.jar:lib/log4j-1.2.17.jar:lib/itext-2.1.7.jar:lib/commons-beanutils-1.9.2.jar:lib/commons-logging-1.2.jar:lib/slf4j-api-1.7.25.jar:lib/jul-to-slf4j-1.7.25.jar:lib/commons-io-2.5.jar:lib/jboss-vfs-3.2.12.Final.jar:lib/logback-classic-1.2.3.jar:lib/logback-core-1.2.3.jar:lib/lept4j-1.4.0.jar:build/classes:/home/apptm/OCR_TEST/Tess4J/lib/junit-4.12.jar:/home/apptm/OCR_TEST/Tess4J/lib/hamcrest-core-1.3.jar" />
    <property name="javadoc.preview" value="true" />
    <property name="copylibs.rebase" value="true" />
    <property name="jnlp.signing.keystore" value="" />
    <property name="junit.forkmode" value="perTest" />
    <property name="test.binarytestincludes" value="" />
    <property name="libs.junit_4.classpath" value="/home/apptm/OCR_TEST/Tess4J/lib/junit-4.12.jar" />
    <property name="sun.boot.library.path" value="/usr/lib/jvm/jdk1.7.0_80/jre/lib/amd64" />
    <property name="build.dir" value="build" />
    <property name="application.title" value="Tess4J" />
    <property name="sun.management.compiler" value="HotSpot 64-Bit Tiered Compilers" />
    <property name="java.awt.graphicsenv" value="sun.awt.X11GraphicsEnvironment" />
    <property name="file.reference.jboss-vfs-3.2.12.Final.jar" value="lib/jboss-vfs-3.2.12.Final.jar" />
    <property name="javadoc.encoding.used" value="UTF-8" />
    <property name="libraries.dir.nativedirsep" value="/home/apptm/OCR_TEST/Tess4J/lib" />
    <property name="javadoc.windowtitle" value="Tess4J API" />
    <property name="libs.hamcrest.classpath" value="/home/apptm/OCR_TEST/Tess4J/lib/hamcrest-core-1.3.jar" />
    <property name="run.jvmargs.ide" value="" />
    <property name="annotation.processing.enabled" value="true" />
    <property name="file.reference.commons-io-2.5.jar" value="lib/commons-io-2.5.jar" />
    <property name="build.generated.sources.dir" value="build/generated-sources" />
    <property name="nb.junit.single" value="false" />
    <property name="run.jvmargs" value="" />
    <property name="ant.project.name" value="Tess4J" />
    <property name="java.vm.specification.version" value="1.7" />
    <property name="file.reference.commons-beanutils-1.9.2.jar" value="lib/commons-beanutils-1.9.2.jar" />
    <property name="work.dir" value="/home/apptm/OCR_TEST/Tess4J" />
    <property name="awt.toolkit" value="sun.awt.X11.XToolkit" />
    <property name="javadoc.use" value="true" />
    <property name="sun.cpu.isalist" value="" />
    <property name="file.reference.commons-logging-1.2.jar" value="lib/commons-logging-1.2.jar" />
    <property name="java.ext.dirs" value="/usr/lib/jvm/jdk1.7.0_80/jre/lib/ext:/usr/java/packages/lib/ext" />
    <property name="os.version" value="4.4.0-91-generic" />
    <property name="excludes" value="" />
    <property name="jnlp.descriptor" value="application" />
    <property name="user.home" value="/home/apptm" />
    <property name="libraries.basename" value="nblibraries" />
    <property name="java.vm.vendor" value="Oracle Corporation" />
    <property name="file.reference.itext-2.1.7.jar" value="lib/itext-2.1.7.jar" />
    <property name="user.dir" value="/home/apptm/OCR_TEST/Tess4J" />
    <property name="debug-transport" value="dt_socket" />
    <property name="application.args" value="" />
    <property name="sun.cpu.endian" value="little" />
    <property name="compile.on.save" value="true" />
    <property name="endorsed.classpath.cmd.line.arg" value="" />
    <property name="jar.index" value="false" />
    <property name="libraries.dir" value="/home/apptm/OCR_TEST/Tess4J/lib" />
    <property name="libs.hamcrest.displayName" value="Hamcrest 1.3" />
    <property name="jnlp.offline-allowed" value="false" />
    <property name="java.vm.version" value="24.80-b11" />
    <property name="test.binaryincludes" value="&lt;nothing&gt;" />
    <property name="annotation.processing.processor.options" value="" />
    <property name="java.class.path" value="/home/apptm/OCR_TEST/Tess4J/lib/jai-imageio-core-1.3.1.jar:/home/apptm/OCR_TEST/Tess4J/lib/ghost4j-1.0.1.jar:/home/apptm/OCR_TEST/Tess4J/lib/jna-4.1.0.jar:/home/apptm/OCR_TEST/Tess4J/lib/log4j-1.2.17.jar:/home/apptm/OCR_TEST/Tess4J/lib/itext-2.1.7.jar:/home/apptm/OCR_TEST/Tess4J/lib/commons-beanutils-1.9.2.jar:/home/apptm/OCR_TEST/Tess4J/lib/commons-logging-1.2.jar:/home/apptm/OCR_TEST/Tess4J/lib/slf4j-api-1.7.25.jar:/home/apptm/OCR_TEST/Tess4J/lib/jul-to-slf4j-1.7.25.jar:/home/apptm/OCR_TEST/Tess4J/lib/commons-io-2.5.jar:/home/apptm/OCR_TEST/Tess4J/lib/jboss-vfs-3.2.12.Final.jar:/home/apptm/OCR_TEST/Tess4J/lib/logback-classic-1.2.3.jar:/home/apptm/OCR_TEST/Tess4J/lib/logback-core-1.2.3.jar:/home/apptm/OCR_TEST/Tess4J/lib/lept4j-1.4.0.jar:/home/apptm/OCR_TEST/Tess4J/build/classes:/home/apptm/OCR_TEST/Tess4J/lib/junit-4.12.jar:/home/apptm/OCR_TEST/Tess4J/lib/hamcrest-core-1.3.jar:/home/apptm/OCR_TEST/Tess4J/build/test/classes:/ant/apache-ant-1.9.7/lib/ant-launcher.jar:/ant/apache-ant-1.9.7/lib/ant.jar:/ant/apache-ant-1.9.7/lib/ant-junit.jar:/ant/apache-ant-1.9.7/lib/ant-junit4.jar" />
    <property name="tests.failed" value="true" />
    <property name="ant.library.dir" value="/ant/apache-ant-1.9.7/lib" />
    <property name="os.arch" value="amd64" />
    <property name="javac.deprecation" value="true" />
    <property name="manifest.encoding" value="UTF-8" />
    <property name="file.reference.jna-4.1.0.jar" value="lib/jna-4.1.0.jar" />
    <property name="build.classes.excludes" value="**/*.java,**/*.form" />
    <property name="dist.dir" value="dist" />
    <property name="debug.classpath" value="lib/jai-imageio-core-1.3.1.jar:lib/ghost4j-1.0.1.jar:lib/jna-4.1.0.jar:lib/log4j-1.2.17.jar:lib/itext-2.1.7.jar:lib/commons-beanutils-1.9.2.jar:lib/commons-logging-1.2.jar:lib/slf4j-api-1.7.25.jar:lib/jul-to-slf4j-1.7.25.jar:lib/commons-io-2.5.jar:lib/jboss-vfs-3.2.12.Final.jar:lib/logback-classic-1.2.3.jar:lib/logback-core-1.2.3.jar:lib/lept4j-1.4.0.jar:build/classes" />
    <property name="sun.java.launcher" value="SUN_STANDARD" />
    <property name="jar.index.metainf" value="false" />
    <property name="jnlp.codebase.type" value="no.codebase" />
    <property name="platform.java" value="/usr/lib/jvm/jdk1.7.0_80/jre/bin/java" />
    <property name="annotation.processing.enabled.in.editor" value="false" />
    <property name="https.protocols" value="TLSv1.1,TLSv1.2" />
    <property name="ant.core.lib" value="/ant/apache-ant-1.9.7/lib/ant.jar" />
    <property name="java.vm.specification.vendor" value="Oracle Corporation" />
    <property name="jnlp.signed" value="false" />
    <property name="do.depend" value="true" />
    <property name="file.separator" value="/" />
    <property name="java.runtime.version" value="1.7.0_80-b15" />
    <property name="sun.boot.class.path" value="/usr/lib/jvm/jdk1.7.0_80/jre/lib/resources.jar:/usr/lib/jvm/jdk1.7.0_80/jre/lib/rt.jar:/usr/lib/jvm/jdk1.7.0_80/jre/lib/sunrsasign.jar:/usr/lib/jvm/jdk1.7.0_80/jre/lib/jsse.jar:/usr/lib/jvm/jdk1.7.0_80/jre/lib/jce.jar:/usr/lib/jvm/jdk1.7.0_80/jre/lib/charsets.jar:/usr/lib/jvm/jdk1.7.0_80/jre/lib/jfr.jar:/usr/lib/jvm/jdk1.7.0_80/jre/classes" />
    <property name="debug.test.classpath" value="lib/jai-imageio-core-1.3.1.jar:lib/ghost4j-1.0.1.jar:lib/jna-4.1.0.jar:lib/log4j-1.2.17.jar:lib/itext-2.1.7.jar:lib/commons-beanutils-1.9.2.jar:lib/commons-logging-1.2.jar:lib/slf4j-api-1.7.25.jar:lib/jul-to-slf4j-1.7.25.jar:lib/commons-io-2.5.jar:lib/jboss-vfs-3.2.12.Final.jar:lib/logback-classic-1.2.3.jar:lib/logback-core-1.2.3.jar:lib/lept4j-1.4.0.jar:build/classes:/home/apptm/OCR_TEST/Tess4J/lib/junit-4.12.jar:/home/apptm/OCR_TEST/Tess4J/lib/hamcrest-core-1.3.jar:build/test/classes" />
    <property name="nb.junit.batch" value="true" />
    <property name="have.tests" value="true" />
    <property name="jar.archive.disabled" value="false" />
    <property name="libs.junit_4.prop-maven-dependencies" value="junit:junit:4.12:jar" />
    <property name="user.country" value="US" />
    <property name="file.reference.logback-core-1.2.3.jar" value="lib/logback-core-1.2.3.jar" />
    <property name="javadoc.notree" value="false" />
    <property name="application.homepage" value="http://tess4j.sf.net" />
    <property name="file.reference.logback-classic-1.2.3.jar" value="lib/logback-classic-1.2.3.jar" />
    <property name="javadoc.additionalparam" value="" />
    <property name="file.reference.jai-imageio-core-1.3.1.jar" value="lib/jai-imageio-core-1.3.1.jar" />
    <property name="javac.classpath" value="lib/jai-imageio-core-1.3.1.jar:lib/ghost4j-1.0.1.jar:lib/jna-4.1.0.jar:lib/log4j-1.2.17.jar:lib/itext-2.1.7.jar:lib/commons-beanutils-1.9.2.jar:lib/commons-logging-1.2.jar:lib/slf4j-api-1.7.25.jar:lib/jul-to-slf4j-1.7.25.jar:lib/commons-io-2.5.jar:lib/jboss-vfs-3.2.12.Final.jar:lib/logback-classic-1.2.3.jar:lib/logback-core-1.2.3.jar:lib/lept4j-1.4.0.jar" />
    <property name="default.javac.target" value="1.6" />
    <property name="build.classes.dir" value="build/classes" />
    <property name="javac.target" value="1.7" />
    <property name="java.vendor" value="Oracle Corporation" />
    <property name="runtime.encoding" value="UTF-8" />
    <property name="libs.hamcrest.prop-maven-dependencies" value="org.hamcrest:hamcrest-core:1.3:jar" />
    <property name="java.specification.version" value="1.7" />
    <property name="mkdist.disabled" value="false" />
    <property name="sun.arch.data.model" value="64" />
  </properties>
  <error message="org/slf4j/bridge/SLF4JBridgeHandler" type="java.lang.NoClassDefFoundError">java.lang.NoClassDefFoundError: org/slf4j/bridge/SLF4JBridgeHandler
	at net.sourceforge.tess4j.util.LoggerConfig.loadConfig(Unknown Source)
	at net.sourceforge.tess4j.util.LoggHelper.toString(Unknown Source)
	at net.sourceforge.tess4j.Tesseract1Test.&lt;clinit&gt;(Tesseract1Test.java:52)
	at java.lang.Class.forName0(Native Method)
	at java.lang.Class.forName(Class.java:195)
Caused by: java.lang.ClassNotFoundException: org.slf4j.bridge.SLF4JBridgeHandler
	at java.net.URLClassLoader$1.run(URLClassLoader.java:366)
	at java.net.URLClassLoader$1.run(URLClassLoader.java:355)
	at java.security.AccessController.doPrivileged(Native Method)
	at java.net.URLClassLoader.findClass(URLClassLoader.java:354)
	at java.lang.ClassLoader.loadClass(ClassLoader.java:425)
	at java.lang.ClassLoader.loadClass(ClassLoader.java:358)
</error>
  <system-out><![CDATA[]]></system-out>
  <system-err><![CDATA[]]></system-err>
</testsuite>
